=== puma startup: 2017-04-27 15:56:02 -0500 ===
/Users/vincent/git/events/config/routes.rb:27: warning: key :as is duplicated and overwritten on line 28
/Users/vincent/git/events/config/routes.rb:27: warning: key :as is duplicated and overwritten on line 28
/Users/vincent/.rvm/gems/ruby-2.4.1/gems/rack-2.0.1/lib/rack/server.rb:362:in `delete': No such file or directory @ unlink_internal - /Users/vincent/git/events/tmp/pids/server.pid (Errno::ENOENT)
	from /Users/vincent/.rvm/gems/ruby-2.4.1/gems/rack-2.0.1/lib/rack/server.rb:362:in `block in write_pid'
	from /Users/vincent/.rvm/gems/ruby-2.4.1/gems/puma-3.8.2/lib/puma/cluster.rb:126:in `fork'
	from /Users/vincent/.rvm/gems/ruby-2.4.1/gems/puma-3.8.2/lib/puma/cluster.rb:126:in `block in spawn_workers'
	from /Users/vincent/.rvm/gems/ruby-2.4.1/gems/puma-3.8.2/lib/puma/cluster.rb:122:in `times'
	from /Users/vincent/.rvm/gems/ruby-2.4.1/gems/puma-3.8.2/lib/puma/cluster.rb:122:in `spawn_workers'
	from /Users/vincent/.rvm/gems/ruby-2.4.1/gems/puma-3.8.2/lib/puma/cluster.rb:447:in `run'
	from /Users/vincent/.rvm/gems/ruby-2.4.1/gems/puma-3.8.2/lib/puma/launcher.rb:172:in `run'
	from /Users/vincent/.rvm/gems/ruby-2.4.1/gems/puma-3.8.2/lib/rack/handler/puma.rb:64:in `run'
	from /Users/vincent/.rvm/gems/ruby-2.4.1/gems/rack-2.0.1/lib/rack/server.rb:296:in `start'
	from /Users/vincent/.rvm/gems/ruby-2.4.1/gems/railties-5.0.2/lib/rails/commands/server.rb:79:in `start'
	from /Users/vincent/.rvm/gems/ruby-2.4.1/gems/railties-5.0.2/lib/rails/commands/commands_tasks.rb:90:in `block in server'
	from /Users/vincent/.rvm/gems/ruby-2.4.1/gems/railties-5.0.2/lib/rails/commands/commands_tasks.rb:85:in `tap'
	from /Users/vincent/.rvm/gems/ruby-2.4.1/gems/railties-5.0.2/lib/rails/commands/commands_tasks.rb:85:in `server'
	from /Users/vincent/.rvm/gems/ruby-2.4.1/gems/railties-5.0.2/lib/rails/commands/commands_tasks.rb:49:in `run_command!'
	from /Users/vincent/.rvm/gems/ruby-2.4.1/gems/railties-5.0.2/lib/rails/commands.rb:18:in `<top (required)>'
	from /Users/vincent/git/events/bin/rails:9:in `require'
	from /Users/vincent/git/events/bin/rails:9:in `<top (required)>'
	from /Users/vincent/.rvm/gems/ruby-2.4.1/gems/spring-2.0.1/lib/spring/client/rails.rb:28:in `load'
	from /Users/vincent/.rvm/gems/ruby-2.4.1/gems/spring-2.0.1/lib/spring/client/rails.rb:28:in `call'
	from /Users/vincent/.rvm/gems/ruby-2.4.1/gems/spring-2.0.1/lib/spring/client/command.rb:7:in `call'
	from /Users/vincent/.rvm/gems/ruby-2.4.1/gems/spring-2.0.1/lib/spring/client.rb:30:in `run'
	from /Users/vincent/.rvm/gems/ruby-2.4.1/gems/spring-2.0.1/bin/spring:49:in `<top (required)>'
	from /Users/vincent/.rvm/gems/ruby-2.4.1/gems/spring-2.0.1/lib/spring/binstub.rb:31:in `load'
	from /Users/vincent/.rvm/gems/ruby-2.4.1/gems/spring-2.0.1/lib/spring/binstub.rb:31:in `<top (required)>'
	from /Users/vincent/git/events/bin/spring:15:in `require'
	from /Users/vincent/git/events/bin/spring:15:in `<top (required)>'
	from bin/rails:3:in `load'
	from bin/rails:3:in `<main>'
